nohup: ignoring input
[INFO] Scanning for projects...
[INFO] 
[INFO] --------------------< com.syntax:sidequest-backend >--------------------
[INFO] Building sidequest-backend 0.0.1-SNAPSHOT
[INFO]   from pom.xml
[INFO] --------------------------------[ jar ]---------------------------------
[INFO] 
[INFO] >>> spring-boot:3.5.5:run (default-cli) > test-compile @ sidequest-backend >>>
[INFO] 
[INFO] --- resources:3.3.1:resources (default-resources) @ sidequest-backend ---
[INFO] Copying 1 resource from src/main/resources to target/classes
[INFO] Copying 1 resource from src/main/resources to target/classes
[INFO] 
[INFO] --- compiler:3.14.0:compile (default-compile) @ sidequest-backend ---
[INFO] Nothing to compile - all classes are up to date.
[INFO] 
[INFO] --- resources:3.3.1:testResources (default-testResources) @ sidequest-backend ---
[INFO] skip non existing resourceDirectory /home/francisco-rafael-pires/pastatrybe/fatecProjetos/terceiroSemProjeto/SideQuest/SideQuest-BackEnd/sidequest-backend/src/test/resources
[INFO] 
[INFO] --- compiler:3.14.0:testCompile (default-testCompile) @ sidequest-backend ---
[INFO] Nothing to compile - all classes are up to date.
[INFO] 
[INFO] <<< spring-boot:3.5.5:run (default-cli) < test-compile @ sidequest-backend <<<
[INFO] 
[INFO] 
[INFO] --- spring-boot:3.5.5:run (default-cli) @ sidequest-backend ---
[INFO] Attaching agents: []

  .   ____          _            __ _ _
 /\\ / ___'_ __ _ _(_)_ __  __ _ \ \ \ \
( ( )\___ | '_ | '_| | '_ \/ _` | \ \ \ \
 \\/  ___)| |_)| | | | | || (_| |  ) ) ) )
  '  |____| .__|_| |_|_| |_\__, | / / / /
 =========|_|==============|___/=/_/_/_/

 :: Spring Boot ::                (v3.5.5)

2025-09-22T21:22:21.379-03:00  INFO 456396 --- [sidequest-backend] [  restartedMain] c.s.s.SidequestBackendApplication        : Starting SidequestBackendApplication using Java 21.0.8 with PID 456396 (/home/francisco-rafael-pires/pastatrybe/fatecProjetos/terceiroSemProjeto/SideQuest/SideQuest-BackEnd/sidequest-backend/target/classes started by francisco-rafael-pires in /home/francisco-rafael-pires/pastatrybe/fatecProjetos/terceiroSemProjeto/SideQuest/SideQuest-BackEnd/sidequest-backend)
2025-09-22T21:22:21.380-03:00  INFO 456396 --- [sidequest-backend] [  restartedMain] c.s.s.SidequestBackendApplication        : No active profile set, falling back to 1 default profile: "default"
2025-09-22T21:22:21.412-03:00  INFO 456396 --- [sidequest-backend] [  restartedMain] .e.DevToolsPropertyDefaultsPostProcessor : Devtools property defaults active! Set 'spring.devtools.add-properties' to 'false' to disable
2025-09-22T21:22:21.412-03:00  INFO 456396 --- [sidequest-backend] [  restartedMain] .e.DevToolsPropertyDefaultsPostProcessor : For additional web related logging consider setting the 'logging.level.web' property to 'DEBUG'
2025-09-22T21:22:21.865-03:00  INFO 456396 --- [sidequest-backend] [  restartedMain] .s.d.r.c.RepositoryConfigurationDelegate : Bootstrapping Spring Data Reactive MongoDB repositories in DEFAULT mode.
2025-09-22T21:22:21.931-03:00  INFO 456396 --- [sidequest-backend] [  restartedMain] .s.d.r.c.RepositoryConfigurationDelegate : Finished Spring Data repository scanning in 63 ms. Found 0 Reactive MongoDB repository interfaces.
2025-09-22T21:22:21.936-03:00  INFO 456396 --- [sidequest-backend] [  restartedMain] .s.d.r.c.RepositoryConfigurationDelegate : Bootstrapping Spring Data MongoDB repositories in DEFAULT mode.
2025-09-22T21:22:21.952-03:00  INFO 456396 --- [sidequest-backend] [  restartedMain] .s.d.r.c.RepositoryConfigurationDelegate : Finished Spring Data repository scanning in 14 ms. Found 2 MongoDB repository interfaces.
2025-09-22T21:22:22.293-03:00  INFO 456396 --- [sidequest-backend] [  restartedMain] o.s.b.w.embedded.tomcat.TomcatWebServer  : Tomcat initialized with port 8080 (http)
2025-09-22T21:22:22.302-03:00  INFO 456396 --- [sidequest-backend] [  restartedMain] o.apache.catalina.core.StandardService   : Starting service [Tomcat]
2025-09-22T21:22:22.303-03:00  INFO 456396 --- [sidequest-backend] [  restartedMain] o.apache.catalina.core.StandardEngine    : Starting Servlet engine: [Apache Tomcat/10.1.44]
2025-09-22T21:22:22.325-03:00  INFO 456396 --- [sidequest-backend] [  restartedMain] o.a.c.c.C.[Tomcat].[localhost].[/]       : Initializing Spring embedded WebApplicationContext
2025-09-22T21:22:22.326-03:00  INFO 456396 --- [sidequest-backend] [  restartedMain] w.s.c.ServletWebServerApplicationContext : Root WebApplicationContext: initialization completed in 913 ms
2025-09-22T21:22:22.504-03:00  INFO 456396 --- [sidequest-backend] [uug.mongodb.net] org.mongodb.driver.cluster               : Adding discovered server ac-iliszct-shard-00-01.vulmuug.mongodb.net:27017 to client view of cluster
2025-09-22T21:22:22.519-03:00  INFO 456396 --- [sidequest-backend] [  restartedMain] org.mongodb.driver.client                : MongoClient with metadata {"application": {"name": "syntaxbd"}, "driver": {"name": "mongo-java-driver|sync|spring-boot", "version": "5.5.1"}, "os": {"type": "Linux", "name": "Linux", "architecture": "amd64", "version": "6.6.87.2-microsoft-standard-WSL2"}, "platform": "Java/Ubuntu/21.0.8+9-Ubuntu-0ubuntu124.04.1"} created with settings MongoClientSettings{readPreference=primary, writeConcern=WriteConcern{w=majority, wTimeout=null ms, journal=null}, retryWrites=true, retryReads=true, readConcern=ReadConcern{level=null}, credential=MongoCredential{mechanism=null, userName='syntax', source='admin', password=<hidden>, mechanismProperties=<hidden>}, transportSettings=null, commandListeners=[], codecRegistry=ProvidersCodecRegistry{codecProviders=[ValueCodecProvider{}, BsonValueCodecProvider{}, DBRefCodecProvider{}, DBObjectCodecProvider{}, DocumentCodecProvider{}, CollectionCodecProvider{}, IterableCodecProvider{}, MapCodecProvider{}, GeoJsonCodecProvider{}, GridFSFileCodecProvider{}, Jsr310CodecProvider{}, JsonObjectCodecProvider{}, BsonCodecProvider{}, EnumCodecProvider{}, com.mongodb.client.model.mql.ExpressionCodecProvider@2f1b8af2, com.mongodb.Jep395RecordCodecProvider@7a54e4de, com.mongodb.KotlinCodecProvider@711329d2]}, loggerSettings=LoggerSettings{maxDocumentLength=1000}, clusterSettings={hosts=[127.0.0.1:27017], srvHost=syntax-bd.vulmuug.mongodb.net, srvServiceName=mongodb, mode=MULTIPLE, requiredClusterType=REPLICA_SET, requiredReplicaSetName='atlas-zcryr6-shard-0', serverSelector='null', clusterListeners='[]', serverSelectionTimeout='30000 ms', localThreshold='15 ms'}, socketSettings=SocketSettings{connectTimeoutMS=10000, readTimeoutMS=0, receiveBufferSize=0, proxySettings=ProxySettings{host=null, port=null, username=null, password=null}}, heartbeatSocketSettings=SocketSettings{connectTimeoutMS=10000, readTimeoutMS=10000, receiveBufferSize=0, proxySettings=ProxySettings{host=null, port=null, username=null, password=null}}, connectionPoolSettings=ConnectionPoolSettings{maxSize=100, minSize=0, maxWaitTimeMS=120000, maxConnectionLifeTimeMS=0, maxConnectionIdleTimeMS=0, maintenanceInitialDelayMS=0, maintenanceFrequencyMS=60000, connectionPoolListeners=[], maxConnecting=2}, serverSettings=ServerSettings{heartbeatFrequencyMS=10000, minHeartbeatFrequencyMS=500, serverMonitoringMode=AUTO, serverListeners='[]', serverMonitorListeners='[]'}, sslSettings=SslSettings{enabled=true, invalidHostNameAllowed=false, context=null}, applicationName='syntaxbd', compressorList=[], uuidRepresentation=JAVA_LEGACY, serverApi=null, autoEncryptionSettings=null, dnsClient=null, inetAddressResolver=null, contextProvider=null, timeoutMS=null}
2025-09-22T21:22:22.523-03:00  INFO 456396 --- [sidequest-backend] [uug.mongodb.net] org.mongodb.driver.cluster               : Adding discovered server ac-iliszct-shard-00-02.vulmuug.mongodb.net:27017 to client view of cluster
2025-09-22T21:22:22.525-03:00  INFO 456396 --- [sidequest-backend] [uug.mongodb.net] org.mongodb.driver.cluster               : Adding discovered server ac-iliszct-shard-00-00.vulmuug.mongodb.net:27017 to client view of cluster
2025-09-22T21:22:22.617-03:00  INFO 456396 --- [sidequest-backend] [  restartedMain] o.s.b.d.a.OptionalLiveReloadServer       : LiveReload server is running on port 35729
2025-09-22T21:22:22.799-03:00  INFO 456396 --- [sidequest-backend] [ngodb.net:27017] org.mongodb.driver.cluster               : Monitor thread successfully connected to server with description ServerDescription{address=ac-iliszct-shard-00-02.vulmuug.mongodb.net:27017, type=REPLICA_SET_SECONDARY, cryptd=false, state=CONNECTED, ok=true, minWireVersion=0, maxWireVersion=25, maxDocumentSize=16777216, logicalSessionTimeoutMinutes=30, roundTripTimeNanos=167994708, minRoundTripTimeNanos=0, setName='atlas-zcryr6-shard-0', canonicalAddress=ac-iliszct-shard-00-02.vulmuug.mongodb.net:27017, hosts=[ac-iliszct-shard-00-00.vulmuug.mongodb.net:27017, ac-iliszct-shard-00-01.vulmuug.mongodb.net:27017, ac-iliszct-shard-00-02.vulmuug.mongodb.net:27017], passives=[], arbiters=[], primary='ac-iliszct-shard-00-01.vulmuug.mongodb.net:27017', tagSet=TagSet{[Tag{name='availabilityZone', value='sae1-az2'}, Tag{name='diskState', value='READY'}, Tag{name='nodeType', value='ELECTABLE'}, Tag{name='provider', value='AWS'}, Tag{name='region', value='SA_EAST_1'}, Tag{name='workloadType', value='OPERATIONAL'}]}, electionId=null, setVersion=67, topologyVersion=TopologyVersion{processId=68c43e81b81e72d79062e40a, counter=3}, lastWriteDate=Mon Sep 22 21:22:23 BRT 2025, lastUpdateTimeNanos=19527350666195}
2025-09-22T21:22:22.799-03:00  INFO 456396 --- [sidequest-backend] [ngodb.net:27017] org.mongodb.driver.cluster               : Monitor thread successfully connected to server with description ServerDescription{address=ac-iliszct-shard-00-01.vulmuug.mongodb.net:27017, type=REPLICA_SET_PRIMARY, cryptd=false, state=CONNECTED, ok=true, minWireVersion=0, maxWireVersion=25, maxDocumentSize=16777216, logicalSessionTimeoutMinutes=30, roundTripTimeNanos=169067021, minRoundTripTimeNanos=0, setName='atlas-zcryr6-shard-0', canonicalAddress=ac-iliszct-shard-00-01.vulmuug.mongodb.net:27017, hosts=[ac-iliszct-shard-00-00.vulmuug.mongodb.net:27017, ac-iliszct-shard-00-01.vulmuug.mongodb.net:27017, ac-iliszct-shard-00-02.vulmuug.mongodb.net:27017], passives=[], arbiters=[], primary='ac-iliszct-shard-00-01.vulmuug.mongodb.net:27017', tagSet=TagSet{[Tag{name='availabilityZone', value='sae1-az3'}, Tag{name='diskState', value='READY'}, Tag{name='nodeType', value='ELECTABLE'}, Tag{name='provider', value='AWS'}, Tag{name='region', value='SA_EAST_1'}, Tag{name='workloadType', value='OPERATIONAL'}]}, electionId=7fffffff0000000000000060, setVersion=67, topologyVersion=TopologyVersion{processId=68c43b79fb33fe512907539a, counter=6}, lastWriteDate=Mon Sep 22 21:22:23 BRT 2025, lastUpdateTimeNanos=19527350666053}
2025-09-22T21:22:22.799-03:00  INFO 456396 --- [sidequest-backend] [ngodb.net:27017] org.mongodb.driver.cluster               : Monitor thread successfully connected to server with description ServerDescription{address=ac-iliszct-shard-00-00.vulmuug.mongodb.net:27017, type=REPLICA_SET_SECONDARY, cryptd=false, state=CONNECTED, ok=true, minWireVersion=0, maxWireVersion=25, maxDocumentSize=16777216, logicalSessionTimeoutMinutes=30, roundTripTimeNanos=169075912, minRoundTripTimeNanos=0, setName='atlas-zcryr6-shard-0', canonicalAddress=ac-iliszct-shard-00-00.vulmuug.mongodb.net:27017, hosts=[ac-iliszct-shard-00-00.vulmuug.mongodb.net:27017, ac-iliszct-shard-00-01.vulmuug.mongodb.net:27017, ac-iliszct-shard-00-02.vulmuug.mongodb.net:27017], passives=[], arbiters=[], primary='ac-iliszct-shard-00-01.vulmuug.mongodb.net:27017', tagSet=TagSet{[Tag{name='availabilityZone', value='sae1-az1'}, Tag{name='diskState', value='READY'}, Tag{name='nodeType', value='ELECTABLE'}, Tag{name='provider', value='AWS'}, Tag{name='region', value='SA_EAST_1'}, Tag{name='workloadType', value='OPERATIONAL'}]}, electionId=null, setVersion=67, topologyVersion=TopologyVersion{processId=68c4392b579bc1fc9df8dfc5, counter=4}, lastWriteDate=Mon Sep 22 21:22:23 BRT 2025, lastUpdateTimeNanos=19527350666172}
2025-09-22T21:22:22.801-03:00  INFO 456396 --- [sidequest-backend] [ngodb.net:27017] org.mongodb.driver.cluster               : Discovered replica set primary ac-iliszct-shard-00-01.vulmuug.mongodb.net:27017 with max election id 7fffffff0000000000000060 and max set version 67
2025-09-22T21:22:23.021-03:00  INFO 456396 --- [sidequest-backend] [  restartedMain] r$InitializeUserDetailsManagerConfigurer : Global AuthenticationManager configured with UserDetailsService bean with name usuarioService
2025-09-22T21:22:23.229-03:00  INFO 456396 --- [sidequest-backend] [  restartedMain] org.mongodb.driver.client                : MongoClient with metadata {"application": {"name": "syntaxbd"}, "driver": {"name": "mongo-java-driver|reactive-streams|spring-boot", "version": "5.5.1"}, "os": {"type": "Linux", "name": "Linux", "architecture": "amd64", "version": "6.6.87.2-microsoft-standard-WSL2"}, "platform": "Java/Ubuntu/21.0.8+9-Ubuntu-0ubuntu124.04.1"} created with settings MongoClientSettings{readPreference=primary, writeConcern=WriteConcern{w=majority, wTimeout=null ms, journal=null}, retryWrites=true, retryReads=true, readConcern=ReadConcern{level=null}, credential=MongoCredential{mechanism=null, userName='syntax', source='admin', password=<hidden>, mechanismProperties=<hidden>}, transportSettings=null, commandListeners=[], codecRegistry=ProvidersCodecRegistry{codecProviders=[ValueCodecProvider{}, BsonValueCodecProvider{}, DBRefCodecProvider{}, DBObjectCodecProvider{}, DocumentCodecProvider{}, CollectionCodecProvider{}, IterableCodecProvider{}, MapCodecProvider{}, GeoJsonCodecProvider{}, GridFSFileCodecProvider{}, Jsr310CodecProvider{}, JsonObjectCodecProvider{}, BsonCodecProvider{}, EnumCodecProvider{}, com.mongodb.client.model.mql.ExpressionCodecProvider@2f1b8af2, com.mongodb.Jep395RecordCodecProvider@7a54e4de, com.mongodb.KotlinCodecProvider@711329d2]}, loggerSettings=LoggerSettings{maxDocumentLength=1000}, clusterSettings={hosts=[127.0.0.1:27017], srvHost=syntax-bd.vulmuug.mongodb.net, srvServiceName=mongodb, mode=MULTIPLE, requiredClusterType=REPLICA_SET, requiredReplicaSetName='atlas-zcryr6-shard-0', serverSelector='null', clusterListeners='[]', serverSelectionTimeout='30000 ms', localThreshold='15 ms'}, socketSettings=SocketSettings{connectTimeoutMS=10000, readTimeoutMS=0, receiveBufferSize=0, proxySettings=ProxySettings{host=null, port=null, username=null, password=null}}, heartbeatSocketSettings=SocketSettings{connectTimeoutMS=10000, readTimeoutMS=10000, receiveBufferSize=0, proxySettings=ProxySettings{host=null, port=null, username=null, password=null}}, connectionPoolSettings=ConnectionPoolSettings{maxSize=100, minSize=0, maxWaitTimeMS=120000, maxConnectionLifeTimeMS=0, maxConnectionIdleTimeMS=0, maintenanceInitialDelayMS=0, maintenanceFrequencyMS=60000, connectionPoolListeners=[], maxConnecting=2}, serverSettings=ServerSettings{heartbeatFrequencyMS=10000, minHeartbeatFrequencyMS=500, serverMonitoringMode=AUTO, serverListeners='[]', serverMonitorListeners='[]'}, sslSettings=SslSettings{enabled=true, invalidHostNameAllowed=false, context=null}, applicationName='syntaxbd', compressorList=[], uuidRepresentation=JAVA_LEGACY, serverApi=null, autoEncryptionSettings=null, dnsClient=null, inetAddressResolver=null, contextProvider=null, timeoutMS=null}
2025-09-22T21:22:23.230-03:00  INFO 456396 --- [sidequest-backend] [uug.mongodb.net] org.mongodb.driver.cluster               : Adding discovered server ac-iliszct-shard-00-01.vulmuug.mongodb.net:27017 to client view of cluster
2025-09-22T21:22:23.233-03:00  INFO 456396 --- [sidequest-backend] [uug.mongodb.net] org.mongodb.driver.cluster               : Adding discovered server ac-iliszct-shard-00-02.vulmuug.mongodb.net:27017 to client view of cluster
2025-09-22T21:22:23.234-03:00  INFO 456396 --- [sidequest-backend] [uug.mongodb.net] org.mongodb.driver.cluster               : Adding discovered server ac-iliszct-shard-00-00.vulmuug.mongodb.net:27017 to client view of cluster
2025-09-22T21:22:23.281-03:00  INFO 456396 --- [sidequest-backend] [ngodb.net:27017] org.mongodb.driver.cluster               : Monitor thread successfully connected to server with description ServerDescription{address=ac-iliszct-shard-00-00.vulmuug.mongodb.net:27017, type=REPLICA_SET_SECONDARY, cryptd=false, state=CONNECTED, ok=true, minWireVersion=0, maxWireVersion=25, maxDocumentSize=16777216, logicalSessionTimeoutMinutes=30, roundTripTimeNanos=31544513, minRoundTripTimeNanos=0, setName='atlas-zcryr6-shard-0', canonicalAddress=ac-iliszct-shard-00-00.vulmuug.mongodb.net:27017, hosts=[ac-iliszct-shard-00-00.vulmuug.mongodb.net:27017, ac-iliszct-shard-00-01.vulmuug.mongodb.net:27017, ac-iliszct-shard-00-02.vulmuug.mongodb.net:27017], passives=[], arbiters=[], primary='ac-iliszct-shard-00-01.vulmuug.mongodb.net:27017', tagSet=TagSet{[Tag{name='availabilityZone', value='sae1-az1'}, Tag{name='diskState', value='READY'}, Tag{name='nodeType', value='ELECTABLE'}, Tag{name='provider', value='AWS'}, Tag{name='region', value='SA_EAST_1'}, Tag{name='workloadType', value='OPERATIONAL'}]}, electionId=null, setVersion=67, topologyVersion=TopologyVersion{processId=68c4392b579bc1fc9df8dfc5, counter=4}, lastWriteDate=Mon Sep 22 21:22:24 BRT 2025, lastUpdateTimeNanos=19527834654877}
2025-09-22T21:22:23.281-03:00  INFO 456396 --- [sidequest-backend] [ngodb.net:27017] org.mongodb.driver.cluster               : Monitor thread successfully connected to server with description ServerDescription{address=ac-iliszct-shard-00-02.vulmuug.mongodb.net:27017, type=REPLICA_SET_SECONDARY, cryptd=false, state=CONNECTED, ok=true, minWireVersion=0, maxWireVersion=25, maxDocumentSize=16777216, logicalSessionTimeoutMinutes=30, roundTripTimeNanos=31180827, minRoundTripTimeNanos=0, setName='atlas-zcryr6-shard-0', canonicalAddress=ac-iliszct-shard-00-02.vulmuug.mongodb.net:27017, hosts=[ac-iliszct-shard-00-00.vulmuug.mongodb.net:27017, ac-iliszct-shard-00-01.vulmuug.mongodb.net:27017, ac-iliszct-shard-00-02.vulmuug.mongodb.net:27017], passives=[], arbiters=[], primary='ac-iliszct-shard-00-01.vulmuug.mongodb.net:27017', tagSet=TagSet{[Tag{name='availabilityZone', value='sae1-az2'}, Tag{name='diskState', value='READY'}, Tag{name='nodeType', value='ELECTABLE'}, Tag{name='provider', value='AWS'}, Tag{name='region', value='SA_EAST_1'}, Tag{name='workloadType', value='OPERATIONAL'}]}, electionId=null, setVersion=67, topologyVersion=TopologyVersion{processId=68c43e81b81e72d79062e40a, counter=3}, lastWriteDate=Mon Sep 22 21:22:24 BRT 2025, lastUpdateTimeNanos=19527834669568}
2025-09-22T21:22:23.282-03:00  INFO 456396 --- [sidequest-backend] [ngodb.net:27017] org.mongodb.driver.cluster               : Monitor thread successfully connected to server with description ServerDescription{address=ac-iliszct-shard-00-01.vulmuug.mongodb.net:27017, type=REPLICA_SET_PRIMARY, cryptd=false, state=CONNECTED, ok=true, minWireVersion=0, maxWireVersion=25, maxDocumentSize=16777216, logicalSessionTimeoutMinutes=30, roundTripTimeNanos=31266853, minRoundTripTimeNanos=0, setName='atlas-zcryr6-shard-0', canonicalAddress=ac-iliszct-shard-00-01.vulmuug.mongodb.net:27017, hosts=[ac-iliszct-shard-00-00.vulmuug.mongodb.net:27017, ac-iliszct-shard-00-01.vulmuug.mongodb.net:27017, ac-iliszct-shard-00-02.vulmuug.mongodb.net:27017], passives=[], arbiters=[], primary='ac-iliszct-shard-00-01.vulmuug.mongodb.net:27017', tagSet=TagSet{[Tag{name='availabilityZone', value='sae1-az3'}, Tag{name='diskState', value='READY'}, Tag{name='nodeType', value='ELECTABLE'}, Tag{name='provider', value='AWS'}, Tag{name='region', value='SA_EAST_1'}, Tag{name='workloadType', value='OPERATIONAL'}]}, electionId=7fffffff0000000000000060, setVersion=67, topologyVersion=TopologyVersion{processId=68c43b79fb33fe512907539a, counter=6}, lastWriteDate=Mon Sep 22 21:22:24 BRT 2025, lastUpdateTimeNanos=19527834594176}
2025-09-22T21:22:23.282-03:00  INFO 456396 --- [sidequest-backend] [ngodb.net:27017] org.mongodb.driver.cluster               : Discovered replica set primary ac-iliszct-shard-00-01.vulmuug.mongodb.net:27017 with max election id 7fffffff0000000000000060 and max set version 67
2025-09-22T21:22:23.324-03:00  INFO 456396 --- [sidequest-backend] [  restartedMain] o.s.b.w.embedded.tomcat.TomcatWebServer  : Tomcat started on port 8080 (http) with context path '/'
2025-09-22T21:22:23.331-03:00  INFO 456396 --- [sidequest-backend] [  restartedMain] c.s.s.SidequestBackendApplication        : Started SidequestBackendApplication in 2.225 seconds (process running for 2.46)
2025-09-22T21:22:46.310-03:00  INFO 456396 --- [sidequest-backend] [nio-8080-exec-1] o.a.c.c.C.[Tomcat].[localhost].[/]       : Initializing Spring DispatcherServlet 'dispatcherServlet'
2025-09-22T21:22:46.311-03:00  INFO 456396 --- [sidequest-backend] [nio-8080-exec-1] o.s.web.servlet.DispatcherServlet        : Initializing Servlet 'dispatcherServlet'
2025-09-22T21:22:46.314-03:00  INFO 456396 --- [sidequest-backend] [nio-8080-exec-1] o.s.web.servlet.DispatcherServlet        : Completed initialization in 3 ms
2025-09-22T21:22:53.686-03:00  INFO 456396 --- [sidequest-backend] [ionShutdownHook] o.s.b.w.e.tomcat.GracefulShutdown        : Commencing graceful shutdown. Waiting for active requests to complete
2025-09-22T21:22:53.688-03:00  INFO 456396 --- [sidequest-backend] [tomcat-shutdown] o.s.b.w.e.tomcat.GracefulShutdown        : Graceful shutdown complete
