[INFO] Scanning for projects...
[INFO] 
[INFO] --------------------< com.syntax:sidequest-backend >--------------------
[INFO] Building sidequest-backend 0.0.1-SNAPSHOT
[INFO]   from pom.xml
[INFO] --------------------------------[ jar ]---------------------------------
[INFO] 
[INFO] >>> spring-boot:3.5.5:run (default-cli) > test-compile @ sidequest-backend >>>
[INFO] 
[INFO] --- resources:3.3.1:resources (default-resources) @ sidequest-backend ---
[INFO] Copying 1 resource from src/main/resources to target/classes
[INFO] Copying 1 resource from src/main/resources to target/classes
[INFO] 
[INFO] --- compiler:3.14.0:compile (default-compile) @ sidequest-backend ---
[INFO] Nothing to compile - all classes are up to date.
[INFO] 
[INFO] --- resources:3.3.1:testResources (default-testResources) @ sidequest-backend ---
[INFO] skip non existing resourceDirectory /home/francisco-rafael-pires/pastatrybe/fatecProjetos/terceiroSemProjeto/SideQuest/SideQuest-BackEnd/sidequest-backend/src/test/resources
[INFO] 
[INFO] --- compiler:3.14.0:testCompile (default-testCompile) @ sidequest-backend ---
[INFO] Nothing to compile - all classes are up to date.
[INFO] 
[INFO] <<< spring-boot:3.5.5:run (default-cli) < test-compile @ sidequest-backend <<<
[INFO] 
[INFO] 
[INFO] --- spring-boot:3.5.5:run (default-cli) @ sidequest-backend ---
[INFO] Attaching agents: []

  .   ____          _            __ _ _
 /\\ / ___'_ __ _ _(_)_ __  __ _ \ \ \ \
( ( )\___ | '_ | '_| | '_ \/ _` | \ \ \ \
 \\/  ___)| |_)| | | | | || (_| |  ) ) ) )
  '  |____| .__|_| |_|_| |_\__, | / / / /
 =========|_|==============|___/=/_/_/_/

 :: Spring Boot ::                (v3.5.5)

2025-09-25T08:49:56.708-03:00  INFO 1063191 --- [sidequest-backend] [  restartedMain] c.s.s.SidequestBackendApplication        : Starting SidequestBackendApplication using Java 21.0.8 with PID 1063191 (/home/francisco-rafael-pires/pastatrybe/fatecProjetos/terceiroSemProjeto/SideQuest/SideQuest-BackEnd/sidequest-backend/target/classes started by francisco-rafael-pires in /home/francisco-rafael-pires/pastatrybe/fatecProjetos/terceiroSemProjeto/SideQuest/SideQuest-BackEnd/sidequest-backend)
2025-09-25T08:49:56.710-03:00 DEBUG 1063191 --- [sidequest-backend] [  restartedMain] c.s.s.SidequestBackendApplication        : Running with Spring Boot v3.5.5, Spring v6.2.10
2025-09-25T08:49:56.710-03:00  INFO 1063191 --- [sidequest-backend] [  restartedMain] c.s.s.SidequestBackendApplication        : No active profile set, falling back to 1 default profile: "default"
2025-09-25T08:49:56.746-03:00  INFO 1063191 --- [sidequest-backend] [  restartedMain] .e.DevToolsPropertyDefaultsPostProcessor : Devtools property defaults active! Set 'spring.devtools.add-properties' to 'false' to disable
2025-09-25T08:49:56.746-03:00  INFO 1063191 --- [sidequest-backend] [  restartedMain] .e.DevToolsPropertyDefaultsPostProcessor : For additional web related logging consider setting the 'logging.level.web' property to 'DEBUG'
2025-09-25T08:49:57.317-03:00  INFO 1063191 --- [sidequest-backend] [  restartedMain] .s.d.r.c.RepositoryConfigurationDelegate : Bootstrapping Spring Data Reactive MongoDB repositories in DEFAULT mode.
2025-09-25T08:49:57.401-03:00  INFO 1063191 --- [sidequest-backend] [  restartedMain] .s.d.r.c.RepositoryConfigurationDelegate : Finished Spring Data repository scanning in 80 ms. Found 0 Reactive MongoDB repository interfaces.
2025-09-25T08:49:57.406-03:00  INFO 1063191 --- [sidequest-backend] [  restartedMain] .s.d.r.c.RepositoryConfigurationDelegate : Bootstrapping Spring Data MongoDB repositories in DEFAULT mode.
2025-09-25T08:49:57.421-03:00  INFO 1063191 --- [sidequest-backend] [  restartedMain] .s.d.r.c.RepositoryConfigurationDelegate : Finished Spring Data repository scanning in 14 ms. Found 2 MongoDB repository interfaces.
2025-09-25T08:49:57.805-03:00  INFO 1063191 --- [sidequest-backend] [  restartedMain] o.s.b.w.embedded.tomcat.TomcatWebServer  : Tomcat initialized with port 8080 (http)
2025-09-25T08:49:57.815-03:00  INFO 1063191 --- [sidequest-backend] [  restartedMain] o.apache.catalina.core.StandardService   : Starting service [Tomcat]
2025-09-25T08:49:57.816-03:00  INFO 1063191 --- [sidequest-backend] [  restartedMain] o.apache.catalina.core.StandardEngine    : Starting Servlet engine: [Apache Tomcat/10.1.44]
2025-09-25T08:49:57.838-03:00  INFO 1063191 --- [sidequest-backend] [  restartedMain] o.a.c.c.C.[Tomcat].[localhost].[/]       : Initializing Spring embedded WebApplicationContext
2025-09-25T08:49:57.838-03:00  INFO 1063191 --- [sidequest-backend] [  restartedMain] w.s.c.ServletWebServerApplicationContext : Root WebApplicationContext: initialization completed in 1092 ms
2025-09-25T08:49:57.904-03:00 DEBUG 1063191 --- [sidequest-backend] [  restartedMain] c.s.s.c.s.JwtAuthenticationFilter        : Filter 'jwtAuthenticationFilter' configured for use
2025-09-25T08:49:58.064-03:00  INFO 1063191 --- [sidequest-backend] [uug.mongodb.net] org.mongodb.driver.cluster               : Adding discovered server ac-iliszct-shard-00-01.vulmuug.mongodb.net:27017 to client view of cluster
2025-09-25T08:49:58.088-03:00  INFO 1063191 --- [sidequest-backend] [  restartedMain] org.mongodb.driver.client                : MongoClient with metadata {"application": {"name": "syntaxbd"}, "driver": {"name": "mongo-java-driver|sync|spring-boot", "version": "5.5.1"}, "os": {"type": "Linux", "name": "Linux", "architecture": "amd64", "version": "6.6.87.2-microsoft-standard-WSL2"}, "platform": "Java/Ubuntu/21.0.8+9-Ubuntu-0ubuntu124.04.1"} created with settings MongoClientSettings{readPreference=primary, writeConcern=WriteConcern{w=majority, wTimeout=null ms, journal=null}, retryWrites=true, retryReads=true, readConcern=ReadConcern{level=null}, credential=MongoCredential{mechanism=null, userName='syntax', source='admin', password=<hidden>, mechanismProperties=<hidden>}, transportSettings=null, commandListeners=[], codecRegistry=ProvidersCodecRegistry{codecProviders=[ValueCodecProvider{}, BsonValueCodecProvider{}, DBRefCodecProvider{}, DBObjectCodecProvider{}, DocumentCodecProvider{}, CollectionCodecProvider{}, IterableCodecProvider{}, MapCodecProvider{}, GeoJsonCodecProvider{}, GridFSFileCodecProvider{}, Jsr310CodecProvider{}, JsonObjectCodecProvider{}, BsonCodecProvider{}, EnumCodecProvider{}, com.mongodb.client.model.mql.ExpressionCodecProvider@72a850bb, com.mongodb.Jep395RecordCodecProvider@7bf0df27, com.mongodb.KotlinCodecProvider@692f1eee]}, loggerSettings=LoggerSettings{maxDocumentLength=1000}, clusterSettings={hosts=[127.0.0.1:27017], srvHost=syntax-bd.vulmuug.mongodb.net, srvServiceName=mongodb, mode=MULTIPLE, requiredClusterType=REPLICA_SET, requiredReplicaSetName='atlas-zcryr6-shard-0', serverSelector='null', clusterListeners='[]', serverSelectionTimeout='30000 ms', localThreshold='15 ms'}, socketSettings=SocketSettings{connectTimeoutMS=10000, readTimeoutMS=0, receiveBufferSize=0, proxySettings=ProxySettings{host=null, port=null, username=null, password=null}}, heartbeatSocketSettings=SocketSettings{connectTimeoutMS=10000, readTimeoutMS=10000, receiveBufferSize=0, proxySettings=ProxySettings{host=null, port=null, username=null, password=null}}, connectionPoolSettings=ConnectionPoolSettings{maxSize=100, minSize=0, maxWaitTimeMS=120000, maxConnectionLifeTimeMS=0, maxConnectionIdleTimeMS=0, maintenanceInitialDelayMS=0, maintenanceFrequencyMS=60000, connectionPoolListeners=[], maxConnecting=2}, serverSettings=ServerSettings{heartbeatFrequencyMS=10000, minHeartbeatFrequencyMS=500, serverMonitoringMode=AUTO, serverListeners='[]', serverMonitorListeners='[]'}, sslSettings=SslSettings{enabled=true, invalidHostNameAllowed=false, context=null}, applicationName='syntaxbd', compressorList=[], uuidRepresentation=JAVA_LEGACY, serverApi=null, autoEncryptionSettings=null, dnsClient=null, inetAddressResolver=null, contextProvider=null, timeoutMS=null}
2025-09-25T08:49:58.096-03:00  INFO 1063191 --- [sidequest-backend] [uug.mongodb.net] org.mongodb.driver.cluster               : Adding discovered server ac-iliszct-shard-00-02.vulmuug.mongodb.net:27017 to client view of cluster
2025-09-25T08:49:58.100-03:00  INFO 1063191 --- [sidequest-backend] [uug.mongodb.net] org.mongodb.driver.cluster               : Adding discovered server ac-iliszct-shard-00-00.vulmuug.mongodb.net:27017 to client view of cluster
2025-09-25T08:49:58.284-03:00  INFO 1063191 --- [sidequest-backend] [  restartedMain] o.s.b.d.a.OptionalLiveReloadServer       : LiveReload server is running on port 35729
2025-09-25T08:49:58.523-03:00  INFO 1063191 --- [sidequest-backend] [ngodb.net:27017] org.mongodb.driver.cluster               : Monitor thread successfully connected to server with description ServerDescription{address=ac-iliszct-shard-00-02.vulmuug.mongodb.net:27017, type=REPLICA_SET_PRIMARY, cryptd=false, state=CONNECTED, ok=true, minWireVersion=0, maxWireVersion=25, maxDocumentSize=16777216, logicalSessionTimeoutMinutes=30, roundTripTimeNanos=194851358, minRoundTripTimeNanos=0, setName='atlas-zcryr6-shard-0', canonicalAddress=ac-iliszct-shard-00-02.vulmuug.mongodb.net:27017, hosts=[ac-iliszct-shard-00-00.vulmuug.mongodb.net:27017, ac-iliszct-shard-00-01.vulmuug.mongodb.net:27017, ac-iliszct-shard-00-02.vulmuug.mongodb.net:27017], passives=[], arbiters=[], primary='ac-iliszct-shard-00-02.vulmuug.mongodb.net:27017', tagSet=TagSet{[Tag{name='availabilityZone', value='sae1-az2'}, Tag{name='diskState', value='READY'}, Tag{name='nodeType', value='ELECTABLE'}, Tag{name='provider', value='AWS'}, Tag{name='region', value='SA_EAST_1'}, Tag{name='workloadType', value='OPERATIONAL'}]}, electionId=7fffffff0000000000000061, setVersion=67, topologyVersion=TopologyVersion{processId=68d2bcd789e8b6ce172924b1, counter=6}, lastWriteDate=Thu Sep 25 08:49:59 BRT 2025, lastUpdateTimeNanos=80960602378385}
2025-09-25T08:49:58.523-03:00  INFO 1063191 --- [sidequest-backend] [ngodb.net:27017] org.mongodb.driver.cluster               : Monitor thread successfully connected to server with description ServerDescription{address=ac-iliszct-shard-00-01.vulmuug.mongodb.net:27017, type=REPLICA_SET_SECONDARY, cryptd=false, state=CONNECTED, ok=true, minWireVersion=0, maxWireVersion=25, maxDocumentSize=16777216, logicalSessionTimeoutMinutes=30, roundTripTimeNanos=192480651, minRoundTripTimeNanos=0, setName='atlas-zcryr6-shard-0', canonicalAddress=ac-iliszct-shard-00-01.vulmuug.mongodb.net:27017, hosts=[ac-iliszct-shard-00-00.vulmuug.mongodb.net:27017, ac-iliszct-shard-00-01.vulmuug.mongodb.net:27017, ac-iliszct-shard-00-02.vulmuug.mongodb.net:27017], passives=[], arbiters=[], primary='ac-iliszct-shard-00-02.vulmuug.mongodb.net:27017', tagSet=TagSet{[Tag{name='availabilityZone', value='sae1-az3'}, Tag{name='diskState', value='READY'}, Tag{name='nodeType', value='ELECTABLE'}, Tag{name='provider', value='AWS'}, Tag{name='region', value='SA_EAST_1'}, Tag{name='workloadType', value='OPERATIONAL'}]}, electionId=null, setVersion=67, topologyVersion=TopologyVersion{processId=68d2bf5b94aef9387f5db2f4, counter=3}, lastWriteDate=Thu Sep 25 08:49:59 BRT 2025, lastUpdateTimeNanos=80960602384704}
2025-09-25T08:49:58.523-03:00  INFO 1063191 --- [sidequest-backend] [ngodb.net:27017] org.mongodb.driver.cluster               : Monitor thread successfully connected to server with description ServerDescription{address=ac-iliszct-shard-00-00.vulmuug.mongodb.net:27017, type=REPLICA_SET_SECONDARY, cryptd=false, state=CONNECTED, ok=true, minWireVersion=0, maxWireVersion=25, maxDocumentSize=16777216, logicalSessionTimeoutMinutes=30, roundTripTimeNanos=193250161, minRoundTripTimeNanos=0, setName='atlas-zcryr6-shard-0', canonicalAddress=ac-iliszct-shard-00-00.vulmuug.mongodb.net:27017, hosts=[ac-iliszct-shard-00-00.vulmuug.mongodb.net:27017, ac-iliszct-shard-00-01.vulmuug.mongodb.net:27017, ac-iliszct-shard-00-02.vulmuug.mongodb.net:27017], passives=[], arbiters=[], primary='ac-iliszct-shard-00-02.vulmuug.mongodb.net:27017', tagSet=TagSet{[Tag{name='availabilityZone', value='sae1-az1'}, Tag{name='diskState', value='READY'}, Tag{name='nodeType', value='ELECTABLE'}, Tag{name='provider', value='AWS'}, Tag{name='region', value='SA_EAST_1'}, Tag{name='workloadType', value='OPERATIONAL'}]}, electionId=null, setVersion=67, topologyVersion=TopologyVersion{processId=68d2b9a981efa1cec8df1d27, counter=4}, lastWriteDate=Thu Sep 25 08:49:59 BRT 2025, lastUpdateTimeNanos=80960602389104}
2025-09-25T08:49:58.526-03:00  INFO 1063191 --- [sidequest-backend] [ngodb.net:27017] org.mongodb.driver.cluster               : Discovered replica set primary ac-iliszct-shard-00-02.vulmuug.mongodb.net:27017 with max election id 7fffffff0000000000000061 and max set version 67
2025-09-25T08:49:58.659-03:00 DEBUG 1063191 --- [sidequest-backend] [  restartedMain] s.w.s.m.m.a.RequestMappingHandlerMapping : 11 mappings in 'requestMappingHandlerMapping'
2025-09-25T08:49:58.741-03:00 DEBUG 1063191 --- [sidequest-backend] [  restartedMain] o.s.w.s.handler.SimpleUrlHandlerMapping  : Patterns [/webjars/**, /**] in 'resourceHandlerMapping'
2025-09-25T08:49:58.761-03:00  INFO 1063191 --- [sidequest-backend] [  restartedMain] r$InitializeUserDetailsManagerConfigurer : Global AuthenticationManager configured with UserDetailsService bean with name usuarioService
2025-09-25T08:49:58.869-03:00 DEBUG 1063191 --- [sidequest-backend] [  restartedMain] o.s.s.web.DefaultSecurityFilterChain     : Will secure any request with filters: DisableEncodeUrlFilter, WebAsyncManagerIntegrationFilter, SecurityContextHolderFilter, HeaderWriterFilter, CorsFilter, LogoutFilter, OAuth2AuthorizationRequestRedirectFilter, OAuth2LoginAuthenticationFilter, JwtAuthenticationFilter, DefaultResourcesFilter, DefaultLoginPageGeneratingFilter, DefaultLogoutPageGeneratingFilter, RequestCacheAwareFilter, SecurityContextHolderAwareRequestFilter, AnonymousAuthenticationFilter, SessionManagementFilter, ExceptionTranslationFilter, AuthorizationFilter
2025-09-25T08:49:58.947-03:00 DEBUG 1063191 --- [sidequest-backend] [  restartedMain] s.w.s.m.m.a.RequestMappingHandlerAdapter : ControllerAdvice beans: 0 @ModelAttribute, 0 @InitBinder, 1 RequestBodyAdvice, 1 ResponseBodyAdvice
2025-09-25T08:49:59.001-03:00 DEBUG 1063191 --- [sidequest-backend] [  restartedMain] .m.m.a.ExceptionHandlerExceptionResolver : ControllerAdvice beans: 1 @ExceptionHandler, 1 ResponseBodyAdvice
2025-09-25T08:49:59.042-03:00  INFO 1063191 --- [sidequest-backend] [uug.mongodb.net] org.mongodb.driver.cluster               : Adding discovered server ac-iliszct-shard-00-01.vulmuug.mongodb.net:27017 to client view of cluster
2025-09-25T08:49:59.046-03:00  INFO 1063191 --- [sidequest-backend] [  restartedMain] org.mongodb.driver.client                : MongoClient with metadata {"application": {"name": "syntaxbd"}, "driver": {"name": "mongo-java-driver|reactive-streams|spring-boot", "version": "5.5.1"}, "os": {"type": "Linux", "name": "Linux", "architecture": "amd64", "version": "6.6.87.2-microsoft-standard-WSL2"}, "platform": "Java/Ubuntu/21.0.8+9-Ubuntu-0ubuntu124.04.1"} created with settings MongoClientSettings{readPreference=primary, writeConcern=WriteConcern{w=majority, wTimeout=null ms, journal=null}, retryWrites=true, retryReads=true, readConcern=ReadConcern{level=null}, credential=MongoCredential{mechanism=null, userName='syntax', source='admin', password=<hidden>, mechanismProperties=<hidden>}, transportSettings=null, commandListeners=[], codecRegistry=ProvidersCodecRegistry{codecProviders=[ValueCodecProvider{}, BsonValueCodecProvider{}, DBRefCodecProvider{}, DBObjectCodecProvider{}, DocumentCodecProvider{}, CollectionCodecProvider{}, IterableCodecProvider{}, MapCodecProvider{}, GeoJsonCodecProvider{}, GridFSFileCodecProvider{}, Jsr310CodecProvider{}, JsonObjectCodecProvider{}, BsonCodecProvider{}, EnumCodecProvider{}, com.mongodb.client.model.mql.ExpressionCodecProvider@72a850bb, com.mongodb.Jep395RecordCodecProvider@7bf0df27, com.mongodb.KotlinCodecProvider@692f1eee]}, loggerSettings=LoggerSettings{maxDocumentLength=1000}, clusterSettings={hosts=[127.0.0.1:27017], srvHost=syntax-bd.vulmuug.mongodb.net, srvServiceName=mongodb, mode=MULTIPLE, requiredClusterType=REPLICA_SET, requiredReplicaSetName='atlas-zcryr6-shard-0', serverSelector='null', clusterListeners='[]', serverSelectionTimeout='30000 ms', localThreshold='15 ms'}, socketSettings=SocketSettings{connectTimeoutMS=10000, readTimeoutMS=0, receiveBufferSize=0, proxySettings=ProxySettings{host=null, port=null, username=null, password=null}}, heartbeatSocketSettings=SocketSettings{connectTimeoutMS=10000, readTimeoutMS=10000, receiveBufferSize=0, proxySettings=ProxySettings{host=null, port=null, username=null, password=null}}, connectionPoolSettings=ConnectionPoolSettings{maxSize=100, minSize=0, maxWaitTimeMS=120000, maxConnectionLifeTimeMS=0, maxConnectionIdleTimeMS=0, maintenanceInitialDelayMS=0, maintenanceFrequencyMS=60000, connectionPoolListeners=[], maxConnecting=2}, serverSettings=ServerSettings{heartbeatFrequencyMS=10000, minHeartbeatFrequencyMS=500, serverMonitoringMode=AUTO, serverListeners='[]', serverMonitorListeners='[]'}, sslSettings=SslSettings{enabled=true, invalidHostNameAllowed=false, context=null}, applicationName='syntaxbd', compressorList=[], uuidRepresentation=JAVA_LEGACY, serverApi=null, autoEncryptionSettings=null, dnsClient=null, inetAddressResolver=null, contextProvider=null, timeoutMS=null}
2025-09-25T08:49:59.046-03:00  INFO 1063191 --- [sidequest-backend] [uug.mongodb.net] org.mongodb.driver.cluster               : Adding discovered server ac-iliszct-shard-00-02.vulmuug.mongodb.net:27017 to client view of cluster
2025-09-25T08:49:59.048-03:00  INFO 1063191 --- [sidequest-backend] [uug.mongodb.net] org.mongodb.driver.cluster               : Adding discovered server ac-iliszct-shard-00-00.vulmuug.mongodb.net:27017 to client view of cluster
2025-09-25T08:49:59.097-03:00  INFO 1063191 --- [sidequest-backend] [ngodb.net:27017] org.mongodb.driver.cluster               : Monitor thread successfully connected to server with description ServerDescription{address=ac-iliszct-shard-00-00.vulmuug.mongodb.net:27017, type=REPLICA_SET_SECONDARY, cryptd=false, state=CONNECTED, ok=true, minWireVersion=0, maxWireVersion=25, maxDocumentSize=16777216, logicalSessionTimeoutMinutes=30, roundTripTimeNanos=31859953, minRoundTripTimeNanos=0, setName='atlas-zcryr6-shard-0', canonicalAddress=ac-iliszct-shard-00-00.vulmuug.mongodb.net:27017, hosts=[ac-iliszct-shard-00-00.vulmuug.mongodb.net:27017, ac-iliszct-shard-00-01.vulmuug.mongodb.net:27017, ac-iliszct-shard-00-02.vulmuug.mongodb.net:27017], passives=[], arbiters=[], primary='ac-iliszct-shard-00-02.vulmuug.mongodb.net:27017', tagSet=TagSet{[Tag{name='availabilityZone', value='sae1-az1'}, Tag{name='diskState', value='READY'}, Tag{name='nodeType', value='ELECTABLE'}, Tag{name='provider', value='AWS'}, Tag{name='region', value='SA_EAST_1'}, Tag{name='workloadType', value='OPERATIONAL'}]}, electionId=null, setVersion=67, topologyVersion=TopologyVersion{processId=68d2b9a981efa1cec8df1d27, counter=4}, lastWriteDate=Thu Sep 25 08:49:59 BRT 2025, lastUpdateTimeNanos=80961179141459}
2025-09-25T08:49:59.098-03:00  INFO 1063191 --- [sidequest-backend] [ngodb.net:27017] org.mongodb.driver.cluster               : Monitor thread successfully connected to server with description ServerDescription{address=ac-iliszct-shard-00-01.vulmuug.mongodb.net:27017, type=REPLICA_SET_SECONDARY, cryptd=false, state=CONNECTED, ok=true, minWireVersion=0, maxWireVersion=25, maxDocumentSize=16777216, logicalSessionTimeoutMinutes=30, roundTripTimeNanos=31950382, minRoundTripTimeNanos=0, setName='atlas-zcryr6-shard-0', canonicalAddress=ac-iliszct-shard-00-01.vulmuug.mongodb.net:27017, hosts=[ac-iliszct-shard-00-00.vulmuug.mongodb.net:27017, ac-iliszct-shard-00-01.vulmuug.mongodb.net:27017, ac-iliszct-shard-00-02.vulmuug.mongodb.net:27017], passives=[], arbiters=[], primary='ac-iliszct-shard-00-02.vulmuug.mongodb.net:27017', tagSet=TagSet{[Tag{name='availabilityZone', value='sae1-az3'}, Tag{name='diskState', value='READY'}, Tag{name='nodeType', value='ELECTABLE'}, Tag{name='provider', value='AWS'}, Tag{name='region', value='SA_EAST_1'}, Tag{name='workloadType', value='OPERATIONAL'}]}, electionId=null, setVersion=67, topologyVersion=TopologyVersion{processId=68d2bf5b94aef9387f5db2f4, counter=3}, lastWriteDate=Thu Sep 25 08:49:59 BRT 2025, lastUpdateTimeNanos=80961179418353}
2025-09-25T08:49:59.103-03:00  INFO 1063191 --- [sidequest-backend] [ngodb.net:27017] org.mongodb.driver.cluster               : Monitor thread successfully connected to server with description ServerDescription{address=ac-iliszct-shard-00-02.vulmuug.mongodb.net:27017, type=REPLICA_SET_PRIMARY, cryptd=false, state=CONNECTED, ok=true, minWireVersion=0, maxWireVersion=25, maxDocumentSize=16777216, logicalSessionTimeoutMinutes=30, roundTripTimeNanos=37545893, minRoundTripTimeNanos=0, setName='atlas-zcryr6-shard-0', canonicalAddress=ac-iliszct-shard-00-02.vulmuug.mongodb.net:27017, hosts=[ac-iliszct-shard-00-00.vulmuug.mongodb.net:27017, ac-iliszct-shard-00-01.vulmuug.mongodb.net:27017, ac-iliszct-shard-00-02.vulmuug.mongodb.net:27017], passives=[], arbiters=[], primary='ac-iliszct-shard-00-02.vulmuug.mongodb.net:27017', tagSet=TagSet{[Tag{name='availabilityZone', value='sae1-az2'}, Tag{name='diskState', value='READY'}, Tag{name='nodeType', value='ELECTABLE'}, Tag{name='provider', value='AWS'}, Tag{name='region', value='SA_EAST_1'}, Tag{name='workloadType', value='OPERATIONAL'}]}, electionId=7fffffff0000000000000061, setVersion=67, topologyVersion=TopologyVersion{processId=68d2bcd789e8b6ce172924b1, counter=6}, lastWriteDate=Thu Sep 25 08:49:59 BRT 2025, lastUpdateTimeNanos=80961184604985}
2025-09-25T08:49:59.103-03:00  INFO 1063191 --- [sidequest-backend] [ngodb.net:27017] org.mongodb.driver.cluster               : Discovered replica set primary ac-iliszct-shard-00-02.vulmuug.mongodb.net:27017 with max election id 7fffffff0000000000000061 and max set version 67
2025-09-25T08:49:59.168-03:00  INFO 1063191 --- [sidequest-backend] [  restartedMain] o.s.b.w.embedded.tomcat.TomcatWebServer  : Tomcat started on port 8080 (http) with context path '/'
2025-09-25T08:49:59.175-03:00  INFO 1063191 --- [sidequest-backend] [  restartedMain] c.s.s.SidequestBackendApplication        : Started SidequestBackendApplication in 2.828 seconds (process running for 3.187)
2025-09-25T08:56:39.320-03:00  INFO 1063191 --- [sidequest-backend] [ionShutdownHook] o.s.b.w.e.tomcat.GracefulShutdown        : Commencing graceful shutdown. Waiting for active requests to complete
2025-09-25T08:56:39.325-03:00  INFO 1063191 --- [sidequest-backend] [tomcat-shutdown] o.s.b.w.e.tomcat.GracefulShutdown        : Graceful shutdown complete
